<?xml version="1.0" encoding="UTF-8"?>
<!-- Generated by org.testng.reporters.JUnitReportReporter -->
<testsuite skipped="0" hostname="DiptiDash-PC" name="test.testclass" tests="3" failures="0" timestamp="28 Jul 2020 07:03:27 GMT" time="19.962" errors="0">
  <testcase name="leave" time="11.573" classname="test.testclass"/>
  <testcase name="login" time="0.686" classname="test.testclass"/>
  <testcase name="work" time="7.703" classname="test.testclass"/>
</testsuite> <!-- test.testclass -->
